2024-03-14T00:49:13+00:00 INFO ==== Session Set Info ====
Flow-18 Session Set : 18_f7626826241754a830576fc3a872434a
Flow Info: {"flow_id":"18","steps":[{"id":20,"title":"Pet Food Checkout","type":"checkout"},{"id":25,"title":"Pet Food Thank You","type":"thankyou"}]}
 Current Step-checkout
==== Session Set Info ====

2024-03-14T00:49:13+00:00 INFO Cartflows_Pro_Analytics_Tracking::save_conversion : Entering 
2024-03-14T00:49:13+00:00 INFO 
==== Log Start ====
2024-03-14T00:49:13+00:00 INFO Step cookie data : 
[]
2024-03-14T00:49:13+00:00 INFO ==== Log End ====

2024-03-14T00:49:13+00:00 INFO Cartflows_Pro_Analytics_Tracking::save_conversion : Exit 
2024-03-14T02:51:51+00:00 INFO ==== Session Set Info ====
Flow-18 Session Set : 18_115d6103e4b2a49cade19d5904abcdaf
Flow Info: {"flow_id":"18","steps":[{"id":20,"title":"Pet Food Checkout","type":"checkout"},{"id":25,"title":"Pet Food Thank You","type":"thankyou"}]}
 Current Step-checkout
==== Session Set Info ====

2024-03-14T02:51:52+00:00 INFO ==== Session Set Info ====
Flow-18 Session Set : 18_14754b37242c5ec37dec014ad4758b92
Flow Info: {"flow_id":"18","steps":[{"id":20,"title":"Pet Food Checkout","type":"checkout"},{"id":25,"title":"Pet Food Thank You","type":"thankyou"}]}
 Current Step-checkout
==== Session Set Info ====

2024-03-14T02:51:52+00:00 INFO Cartflows_Pro_Analytics_Tracking::save_conversion : Entering 
2024-03-14T02:51:52+00:00 INFO 
==== Log Start ====
2024-03-14T02:51:52+00:00 INFO Step cookie data : 
[]
2024-03-14T02:51:52+00:00 INFO ==== Log End ====

2024-03-14T02:51:52+00:00 INFO Cartflows_Pro_Analytics_Tracking::save_conversion : Exit 
2024-03-14T08:33:18+00:00 INFO ==== Session Set Info ====
Flow-18 Session Set : 18_f594f27c87fb4b40a9889d9b5a7f746c
Flow Info: {"flow_id":"18","steps":[{"id":20,"title":"Pet Food Checkout","type":"checkout"},{"id":25,"title":"Pet Food Thank You","type":"thankyou"}]}
 Current Step-checkout
==== Session Set Info ====

2024-03-14T08:33:19+00:00 INFO Cartflows_Pro_Analytics_Tracking::save_conversion : Entering 
2024-03-14T08:33:19+00:00 INFO 
==== Log Start ====
2024-03-14T08:33:19+00:00 INFO Step cookie data : 
[]
2024-03-14T08:33:19+00:00 INFO ==== Log End ====

2024-03-14T08:33:19+00:00 INFO Cartflows_Pro_Analytics_Tracking::save_conversion : Exit 
2024-03-14T08:33:23+00:00 INFO ==== Session Set Info ====
Flow-18 Session Set : 18_e4cf5450ba3f818bbf509ce412649ac1
Flow Info: {"flow_id":"18","steps":[{"id":20,"title":"Pet Food Checkout","type":"checkout"},{"id":25,"title":"Pet Food Thank You","type":"thankyou"}]}
 Current Step-checkout
==== Session Set Info ====

2024-03-14T08:33:23+00:00 INFO Cartflows_Pro_Analytics_Tracking::save_conversion : Entering 
2024-03-14T08:33:23+00:00 INFO 
==== Log Start ====
2024-03-14T08:33:23+00:00 INFO Step cookie data : 
[]
2024-03-14T08:33:23+00:00 INFO ==== Log End ====

2024-03-14T08:33:23+00:00 INFO Cartflows_Pro_Analytics_Tracking::save_conversion : Exit 
2024-03-14T08:33:24+00:00 INFO ==== Session Set Info ====
Flow-18 Session Set : 18_cbc444c1cb86825f1c0a509f6845b0bf
Flow Info: {"flow_id":"18","steps":[{"id":20,"title":"Pet Food Checkout","type":"checkout"},{"id":25,"title":"Pet Food Thank You","type":"thankyou"}]}
 Current Step-checkout
==== Session Set Info ====

2024-03-14T08:33:24+00:00 INFO Cartflows_Pro_Analytics_Tracking::save_conversion : Entering 
2024-03-14T08:33:24+00:00 INFO 
==== Log Start ====
2024-03-14T08:33:24+00:00 INFO Step cookie data : 
[]
2024-03-14T08:33:24+00:00 INFO ==== Log End ====

2024-03-14T08:33:24+00:00 INFO Cartflows_Pro_Analytics_Tracking::save_conversion : Exit 
2024-03-14T08:33:25+00:00 INFO ==== Session Set Info ====
Flow-18 Session Set : 18_6796af36bd81e09e946f8946de069197
Flow Info: {"flow_id":"18","steps":[{"id":20,"title":"Pet Food Checkout","type":"checkout"},{"id":25,"title":"Pet Food Thank You","type":"thankyou"}]}
 Current Step-checkout
==== Session Set Info ====

2024-03-14T08:33:25+00:00 INFO Cartflows_Pro_Analytics_Tracking::save_conversion : Entering 
2024-03-14T08:33:25+00:00 INFO 
==== Log Start ====
2024-03-14T08:33:25+00:00 INFO Step cookie data : 
[]
2024-03-14T08:33:25+00:00 INFO ==== Log End ====

2024-03-14T08:33:25+00:00 INFO Cartflows_Pro_Analytics_Tracking::save_conversion : Exit 
2024-03-14T08:33:27+00:00 INFO ==== Session Set Info ====
Flow-18 Session Set : 18_ecd77638ea03e947589644ec178934c2
Flow Info: {"flow_id":"18","steps":[{"id":20,"title":"Pet Food Checkout","type":"checkout"},{"id":25,"title":"Pet Food Thank You","type":"thankyou"}]}
 Current Step-checkout
==== Session Set Info ====

2024-03-14T08:33:27+00:00 INFO Cartflows_Pro_Analytics_Tracking::save_conversion : Entering 
2024-03-14T08:33:27+00:00 INFO 
==== Log Start ====
2024-03-14T08:33:27+00:00 INFO Step cookie data : 
[]
2024-03-14T08:33:27+00:00 INFO ==== Log End ====

2024-03-14T08:33:27+00:00 INFO Cartflows_Pro_Analytics_Tracking::save_conversion : Exit 
2024-03-14T09:15:53+00:00 INFO ==== Session Set Info ====
Flow-18 Session Set : 18_7f8e44bfcfe18014df2f574afe476f20
Flow Info: {"flow_id":"18","steps":[{"id":20,"title":"Pet Food Checkout","type":"checkout"},{"id":25,"title":"Pet Food Thank You","type":"thankyou"}]}
 Current Step-checkout
==== Session Set Info ====

2024-03-14T09:15:53+00:00 INFO Cartflows_Pro_Analytics_Tracking::save_conversion : Entering 
2024-03-14T09:15:53+00:00 INFO 
==== Log Start ====
2024-03-14T09:15:53+00:00 INFO Step cookie data : 
[]
2024-03-14T09:15:53+00:00 INFO ==== Log End ====

2024-03-14T09:15:53+00:00 INFO Cartflows_Pro_Analytics_Tracking::save_conversion : Exit 
2024-03-14T10:55:41+00:00 INFO ==== Session Set Info ====
Flow-18 Session Set : 18_44815b107f0c0b0d79890af3b4c3a4bb
Flow Info: {"flow_id":"18","steps":[{"id":20,"title":"Pet Food Checkout","type":"checkout"},{"id":25,"title":"Pet Food Thank You","type":"thankyou"}]}
 Current Step-checkout
==== Session Set Info ====

2024-03-14T10:55:41+00:00 INFO Cartflows_Pro_Analytics_Tracking::save_conversion : Entering 
2024-03-14T10:55:41+00:00 INFO 
==== Log Start ====
2024-03-14T10:55:41+00:00 INFO Step cookie data : 
[]
2024-03-14T10:55:41+00:00 INFO ==== Log End ====

2024-03-14T10:55:41+00:00 INFO Cartflows_Pro_Analytics_Tracking::save_conversion : Exit 
2024-03-14T10:55:44+00:00 INFO ==== Session Set Info ====
Flow-18 Session Set : 18_91014231997779962b3d82b47b14fd6e
Flow Info: {"flow_id":"18","steps":[{"id":20,"title":"Pet Food Checkout","type":"checkout"},{"id":25,"title":"Pet Food Thank You","type":"thankyou"}]}
 Current Step-checkout
==== Session Set Info ====

2024-03-14T10:55:44+00:00 INFO Cartflows_Pro_Analytics_Tracking::save_conversion : Entering 
2024-03-14T10:55:44+00:00 INFO 
==== Log Start ====
2024-03-14T10:55:44+00:00 INFO Step cookie data : 
[]
2024-03-14T10:55:44+00:00 INFO ==== Log End ====

2024-03-14T10:55:44+00:00 INFO Cartflows_Pro_Analytics_Tracking::save_conversion : Exit 
2024-03-14T12:56:54+00:00 INFO ==== Session Set Info ====
Flow-18 Session Set : 18_1f884c881ab4efe47901350779a9e9c3
Flow Info: {"flow_id":"18","steps":[{"id":20,"title":"Pet Food Checkout","type":"checkout"},{"id":25,"title":"Pet Food Thank You","type":"thankyou"}]}
 Current Step-checkout
==== Session Set Info ====

2024-03-14T12:56:54+00:00 INFO Cartflows_Pro_Analytics_Tracking::save_conversion : Entering 
2024-03-14T12:56:54+00:00 INFO 
==== Log Start ====
2024-03-14T12:56:54+00:00 INFO Step cookie data : 
[]
2024-03-14T12:56:54+00:00 INFO ==== Log End ====

2024-03-14T12:56:54+00:00 INFO Cartflows_Pro_Analytics_Tracking::save_conversion : Exit 
2024-03-14T15:22:28+00:00 INFO ==== Session Set Info ====
Flow-18 Session Set : 18_8eaae658b13e745d61ac473ac72c053d
Flow Info: {"flow_id":"18","steps":[{"id":20,"title":"Pet Food Checkout","type":"checkout"},{"id":25,"title":"Pet Food Thank You","type":"thankyou"}]}
 Current Step-checkout
==== Session Set Info ====

2024-03-14T15:22:31+00:00 INFO ==== Session Set Info ====
Flow-18 Session Set : 18_0f96afe62afd46532cc216c46af0b605
Flow Info: {"flow_id":"18","steps":[{"id":20,"title":"Pet Food Checkout","type":"checkout"},{"id":25,"title":"Pet Food Thank You","type":"thankyou"}]}
 Current Step-checkout
==== Session Set Info ====

2024-03-14T15:22:31+00:00 INFO Cartflows_Pro_Analytics_Tracking::save_conversion : Entering 
2024-03-14T15:22:31+00:00 INFO 
==== Log Start ====
2024-03-14T15:22:31+00:00 INFO Step cookie data : 
[]
2024-03-14T15:22:31+00:00 INFO ==== Log End ====

2024-03-14T15:22:31+00:00 INFO Cartflows_Pro_Analytics_Tracking::save_conversion : Exit 
2024-03-14T18:39:22+00:00 INFO ==== Session Set Info ====
Flow-18 Session Set : 18_0e95c7c45a5a7b6148c18a1f2333c96e
Flow Info: {"flow_id":"18","steps":[{"id":20,"title":"Pet Food Checkout","type":"checkout"},{"id":25,"title":"Pet Food Thank You","type":"thankyou"}]}
 Current Step-checkout
==== Session Set Info ====

2024-03-14T18:39:23+00:00 INFO Cartflows_Pro_Analytics_Tracking::save_conversion : Entering 
2024-03-14T18:39:23+00:00 INFO 
==== Log Start ====
2024-03-14T18:39:23+00:00 INFO Step cookie data : 
[]
2024-03-14T18:39:23+00:00 INFO ==== Log End ====

2024-03-14T18:39:23+00:00 INFO Cartflows_Pro_Analytics_Tracking::save_conversion : Exit 
2024-03-14T18:48:24+00:00 INFO ==== Session Set Info ====
Flow-18 Session Set : 18_041c8b4adf071c668e60ade1a2facc89
Flow Info: {"flow_id":"18","steps":[{"id":20,"title":"Pet Food Checkout","type":"checkout"},{"id":25,"title":"Pet Food Thank You","type":"thankyou"}]}
 Current Step-checkout
==== Session Set Info ====

2024-03-14T18:48:24+00:00 INFO Cartflows_Pro_Analytics_Tracking::save_conversion : Entering 
2024-03-14T18:48:24+00:00 INFO 
==== Log Start ====
2024-03-14T18:48:24+00:00 INFO Step cookie data : 
[]
2024-03-14T18:48:24+00:00 INFO ==== Log End ====

2024-03-14T18:48:24+00:00 INFO Cartflows_Pro_Analytics_Tracking::save_conversion : Exit 
2024-03-14T20:55:16+00:00 INFO ==== Session Set Info ====
Flow-18 Session Set : 18_96ee27aeb1ed316df9d0ad6f37b48f95
Flow Info: {"flow_id":"18","steps":[{"id":20,"title":"Pet Food Checkout","type":"checkout"},{"id":25,"title":"Pet Food Thank You","type":"thankyou"}]}
 Current Step-checkout
==== Session Set Info ====

2024-03-14T20:55:16+00:00 INFO Cartflows_Pro_Analytics_Tracking::save_conversion : Entering 
2024-03-14T20:55:16+00:00 INFO 
==== Log Start ====
2024-03-14T20:55:16+00:00 INFO Step cookie data : 
[]
2024-03-14T20:55:16+00:00 INFO ==== Log End ====

2024-03-14T20:55:16+00:00 INFO Cartflows_Pro_Analytics_Tracking::save_conversion : Exit 
2024-03-14T22:50:56+00:00 INFO ==== Session Set Info ====
Flow-18 Session Set : 18_69d850c05f88fc35aa9cb11dc546ab15
Flow Info: {"flow_id":"18","steps":[{"id":20,"title":"Pet Food Checkout","type":"checkout"},{"id":25,"title":"Pet Food Thank You","type":"thankyou"}]}
 Current Step-checkout
==== Session Set Info ====

2024-03-14T22:50:56+00:00 INFO Cartflows_Pro_Analytics_Tracking::save_conversion : Entering 
2024-03-14T22:50:56+00:00 INFO 
==== Log Start ====
2024-03-14T22:50:56+00:00 INFO Step cookie data : 
[]
2024-03-14T22:50:56+00:00 INFO ==== Log End ====

2024-03-14T22:50:56+00:00 INFO Cartflows_Pro_Analytics_Tracking::save_conversion : Exit 
